# JRE version: Java(TM) SE Runtime Environment (7.0_71-b14) (build 1.7.0_71-b14)
# Java VM: Java HotSpot(TM) 64-Bit Server VM (24.71-b01 mixed mode bsd-amd64 compressed oops)
Heap
 PSYoungGen      total 281600K, used 25814K [0x00000007eaa80000, 0x00000007ff000000, 0x0000000800000000)
  eden space 271872K, 5% used [0x00000007eaa80000,0x00000007eba40908,0x00000007fb400000)
  from space 9728K, 99% used [0x00000007fc000000,0x00000007fc974f88,0x00000007fc980000)
  to   space 30720K, 0% used [0x00000007fd200000,0x00000007fd200000,0x00000007ff000000)
 ParOldGen       total 87040K, used 41740K [0x00000007c0000000, 0x00000007c5500000, 0x00000007eaa80000)
  object space 87040K, 47% used [0x00000007c0000000,0x00000007c28c3090,0x00000007c5500000)
 PSPermGen       total 105984K, used 51220K [0x00000007b0000000, 0x00000007b6780000, 0x00000007c0000000)
  object space 105984K, 48% used [0x00000007b0000000,0x00000007b32053c8,0x00000007b6780000)
GC Heap History (10 events):
Event: 1510.206 GC heap before
{Heap before GC invocations=12 (full 1):
 PSYoungGen      total 304640K, used 37087K [0x00000007eaa80000, 0x0000000800000000, 0x0000000800000000)
  eden space 269824K, 9% used [0x00000007eaa80000,0x00000007ec399e98,0x00000007fb200000)
  from space 34816K, 32% used [0x00000007fd280000,0x00000007fdd9e038,0x00000007ff480000)
  to   space 33280K, 0% used [0x00000007fb200000,0x00000007fb200000,0x00000007fd280000)
 ParOldGen       total 87040K, used 53123K [0x00000007c0000000, 0x00000007c5500000, 0x00000007eaa80000)
  object space 87040K, 61% used [0x00000007c0000000,0x00000007c33e0fe8,0x00000007c5500000)
 PSPermGen       total 96768K, used 49337K [0x00000007b0000000, 0x00000007b5e80000, 0x00000007c0000000)
  object space 96768K, 50% used [0x00000007b0000000,0x00000007b302e6c0,0x00000007b5e80000)
Event: 1510.212 GC heap after
Heap after GC invocations=12 (full 1):
 PSYoungGen      total 303104K, used 384K [0x00000007eaa80000, 0x0000000800000000, 0x0000000800000000)
  eden space 269824K, 0% used [0x00000007eaa80000,0x00000007eaa80000,0x00000007fb200000)
  from space 33280K, 1% used [0x00000007fb200000,0x00000007fb260000,0x00000007fd280000)
  to   space 33792K, 0% used [0x00000007fdf00000,0x00000007fdf00000,0x0000000800000000)
 ParOldGen       total 87040K, used 56819K [0x00000007c0000000, 0x00000007c5500000, 0x00000007eaa80000)
  object space 87040K, 65% used [0x00000007c0000000,0x00000007c377cf88,0x00000007c5500000)
 PSPermGen       total 96768K, used 49337K [0x00000007b0000000, 0x00000007b5e80000, 0x00000007c0000000)
  object space 96768K, 50% used [0x00000007b0000000,0x00000007b302e6c0,0x00000007b5e80000)
}
Event: 1510.212 GC heap before
{Heap before GC invocations=13 (full 2):
 PSYoungGen      total 303104K, used 384K [0x00000007eaa80000, 0x0000000800000000, 0x0000000800000000)
  eden space 269824K, 0% used [0x00000007eaa80000,0x00000007eaa80000,0x00000007fb200000)
  from space 33280K, 1% used [0x00000007fb200000,0x00000007fb260000,0x00000007fd280000)
  to   space 33792K, 0% used [0x00000007fdf00000,0x00000007fdf00000,0x0000000800000000)
 ParOldGen       total 87040K, used 56819K [0x00000007c0000000, 0x00000007c5500000, 0x00000007eaa80000)
  object space 87040K, 65% used [0x00000007c0000000,0x00000007c377cf88,0x00000007c5500000)
 PSPermGen       total 96768K, used 49337K [0x00000007b0000000, 0x00000007b5e80000, 0x00000007c0000000)
  object space 96768K, 50% used [0x00000007b0000000,0x00000007b302e6c0,0x00000007b5e80000)
Event: 1510.502 GC heap after
Heap after GC invocations=13 (full 2):
 PSYoungGen      total 303104K, used 0K [0x00000007eaa80000, 0x0000000800000000, 0x0000000800000000)
  eden space 269824K, 0% used [0x00000007eaa80000,0x00000007eaa80000,0x00000007fb200000)
  from space 33280K, 0% used [0x00000007fb200000,0x00000007fb200000,0x00000007fd280000)
  to   space 33792K, 0% used [0x00000007fdf00000,0x00000007fdf00000,0x0000000800000000)
 ParOldGen       total 87040K, used 33718K [0x00000007c0000000, 0x00000007c5500000, 0x00000007eaa80000)
  object space 87040K, 38% used [0x00000007c0000000,0x00000007c20edaa0,0x00000007c5500000)
 PSPermGen       total 108544K, used 48192K [0x00000007b0000000, 0x00000007b6a00000, 0x00000007c0000000)
  object space 108544K, 44% used [0x00000007b0000000,0x00000007b2f101a0,0x00000007b6a00000)
}
Event: 1789.517 GC heap before
{Heap before GC invocations=14 (full 2):
 PSYoungGen      total 303104K, used 146702K [0x00000007eaa80000, 0x0000000800000000, 0x0000000800000000)
  eden space 269824K, 54% used [0x00000007eaa80000,0x00000007f39c3928,0x00000007fb200000)
  from space 33280K, 0% used [0x00000007fb200000,0x00000007fb200000,0x00000007fd280000)
  to   space 33792K, 0% used [0x00000007fdf00000,0x00000007fdf00000,0x0000000800000000)
 ParOldGen       total 87040K, used 33718K [0x00000007c0000000, 0x00000007c5500000, 0x00000007eaa80000)
  object space 87040K, 38% used [0x00000007c0000000,0x00000007c20edaa0,0x00000007c5500000)
 PSPermGen       total 108544K, used 48942K [0x00000007b0000000, 0x00000007b6a00000, 0x00000007c0000000)
  object space 108544K, 45% used [0x00000007b0000000,0x00000007b2fcbbc8,0x00000007b6a00000)
Event: 1789.540 GC heap after
Heap after GC invocations=14 (full 2):
 PSYoungGen      total 317952K, used 12175K [0x00000007eaa80000, 0x0000000800000000, 0x0000000800000000)
  eden space 284160K, 0% used [0x00000007eaa80000,0x00000007eaa80000,0x00000007fc000000)
  from space 33792K, 36% used [0x00000007fdf00000,0x00000007feae3f40,0x0000000800000000)
  to   space 31744K, 0% used [0x00000007fc000000,0x00000007fc000000,0x00000007fdf00000)
 ParOldGen       total 87040K, used 33718K [0x00000007c0000000, 0x00000007c5500000, 0x00000007eaa80000)
  object space 87040K, 38% used [0x00000007c0000000,0x00000007c20edaa0,0x00000007c5500000)
 PSPermGen       total 108544K, used 48942K [0x00000007b0000000, 0x00000007b6a00000, 0x00000007c0000000)
  object space 108544K, 45% used [0x00000007b0000000,0x00000007b2fcbbc8,0x00000007b6a00000)
}
Event: 1789.540 GC heap before
{Heap before GC invocations=15 (full 3):
 PSYoungGen      total 317952K, used 12175K [0x00000007eaa80000, 0x0000000800000000, 0x0000000800000000)
  eden space 284160K, 0% used [0x00000007eaa80000,0x00000007eaa80000,0x00000007fc000000)
  from space 33792K, 36% used [0x00000007fdf00000,0x00000007feae3f40,0x0000000800000000)
  to   space 31744K, 0% used [0x00000007fc000000,0x00000007fc000000,0x00000007fdf00000)
 ParOldGen       total 87040K, used 33718K [0x00000007c0000000, 0x00000007c5500000, 0x00000007eaa80000)
  object space 87040K, 38% used [0x00000007c0000000,0x00000007c20edaa0,0x00000007c5500000)
 PSPermGen       total 108544K, used 48942K [0x00000007b0000000, 0x00000007b6a00000, 0x00000007c0000000)
  object space 108544K, 45% used [0x00000007b0000000,0x00000007b2fcbbc8,0x00000007b6a00000)
Event: 1789.935 GC heap after
Heap after GC invocations=15 (full 3):
 PSYoungGen      total 317952K, used 0K [0x00000007eaa80000, 0x0000000800000000, 0x0000000800000000)
  eden space 284160K, 0% used [0x00000007eaa80000,0x00000007eaa80000,0x00000007fc000000)
  from space 33792K, 0% used [0x00000007fdf00000,0x00000007fdf00000,0x0000000800000000)
  to   space 31744K, 0% used [0x00000007fc000000,0x00000007fc000000,0x00000007fdf00000)
 ParOldGen       total 87040K, used 41740K [0x00000007c0000000, 0x00000007c5500000, 0x00000007eaa80000)
  object space 87040K, 47% used [0x00000007c0000000,0x00000007c28c3090,0x00000007c5500000)
 PSPermGen       total 105984K, used 48918K [0x00000007b0000000, 0x00000007b6780000, 0x00000007c0000000)
  object space 105984K, 46% used [0x00000007b0000000,0x00000007b2fc58a8,0x00000007b6780000)
}
Event: 1809.637 GC heap before
{Heap before GC invocations=16 (full 3):
 PSYoungGen      total 317952K, used 284160K [0x00000007eaa80000, 0x0000000800000000, 0x0000000800000000)
  eden space 284160K, 100% used [0x00000007eaa80000,0x00000007fc000000,0x00000007fc000000)
  from space 33792K, 0% used [0x00000007fdf00000,0x00000007fdf00000,0x0000000800000000)
  to   space 31744K, 0% used [0x00000007fc000000,0x00000007fc000000,0x00000007fdf00000)
 ParOldGen       total 87040K, used 41740K [0x00000007c0000000, 0x00000007c5500000, 0x00000007eaa80000)
  object space 87040K, 47% used [0x00000007c0000000,0x00000007c28c3090,0x00000007c5500000)
 PSPermGen       total 105984K, used 50923K [0x00000007b0000000, 0x00000007b6780000, 0x00000007c0000000)
  object space 105984K, 48% used [0x00000007b0000000,0x00000007b31baf50,0x00000007b6780000)
Event: 1809.650 GC heap after
Heap after GC invocations=16 (full 3):
 PSYoungGen      total 281600K, used 9683K [0x00000007eaa80000, 0x00000007ff000000, 0x0000000800000000)
  eden space 271872K, 0% used [0x00000007eaa80000,0x00000007eaa80000,0x00000007fb400000)
  from space 9728K, 99% used [0x00000007fc000000,0x00000007fc974f88,0x00000007fc980000)
  to   space 30720K, 0% used [0x00000007fd200000,0x00000007fd200000,0x00000007ff000000)
 ParOldGen       total 87040K, used 41740K [0x00000007c0000000, 0x00000007c5500000, 0x00000007eaa80000)
  object space 87040K, 47% used [0x00000007c0000000,0x00000007c28c3090,0x00000007c5500000)
 PSPermGen       total 105984K, used 50923K [0x00000007b0000000, 0x00000007b6780000, 0x00000007c0000000)
  object space 105984K, 48% used [0x00000007b0000000,0x00000007b31baf50,0x00000007b6780000)
}

